
 -----------------------------------------------
      Restrained ESP Fit 2.3  Amber 4.1
 -----------------------------------------------
  run#2                                                                          
 -----------------------------------------------


 inopt       =     0   ioutopt     =     0
 nmol        =     2   iqopt       =     2
 ihfree      =     1   irstrnt     =     1
 iunits      =     0   qwt         =   0.00100000

 %RESP-I-MULT_MOL,  multiple-molecule run of   2 molecules

 Reading input for molecule   1 weight:     1.000
  conformation  1                                                               

 Total charge (ich):  0
 Number of centers: 38
    1    6    0
    2    6    0
    3    6    0
    4    6    0
    5    6    0
    6    6    0
    7    1    0
    8    1    0
    9    1    0
   10    1    0
   11    7    0
   12    1    0
   13    1    0
   14    6    0
   15    6    0
   16    1    0
   17    1   16
   18    6    0
   19    1    0
   20    6    0
   21    7    0
   22    1    0
   23    8    0
   24    8    0
   25    6    0
   26    6    0
   27    8    0
   28    8    0
   29    6    0
   30    1    0
   31    1    0
   32    1    0
   33    6    0
   34    1    0
   35    1    0
   36    1    0
   37    7    0
   38    1    0

 Reading input for molecule   2 weight:     1.000
  conformation  2                                                               

 Total charge (ich):  0
 Number of centers: 38
   39    6    0
   40    6    0
   41    6    0
   42    6    0
   43    6    0
   44    6    0
   45    1    0
   46    1    0
   47    1    0
   48    1    0
   49    7    0
   50    1    0
   51    1    0
   52    6    0
   53    6    0
   54    1    0
   55    1    0
   56    6    0
   57    1    0
   58    6    0
   59    7    0
   60    1    0
   61    8    0
   62    8    0
   63    6    0
   64    6    0
   65    8    0
   66    6    0
   67    1    0
   68    1    0
   69    1    0
   70    6    0
   71    1    0
   72    1    0
   73    1    0
   74    8    0
   75    7    0
   76    1    0
  since IQOPT=1,  76 new q0 values
  will be read in from file ESP.Q0 (unit 3)
 --------------------------------
 reading mult_mol constraint info
 --------------------------------

  --------------------
     Atom   Ivary
  --------------------
    6    0
    6    0
    6    0
    6    0
    6    0
    6    0
    1    0
    1    0
    1    0
    1    0
    7    0
    1    0
    1    0
    6    0
    6    0
    1    0
    1   16
    6    0
    1    0
    6    0
    7    0
    1    0
    8    0
    8    0
    6    0
    6    0
    8    0
    8    0
    6    0
    1    0
    1    0
    1    0
    6    0
    1    0
    1    0
    1    0
    7    0
    1    0

    6    0
    6    0
    6    0
    6    0
    6    0
    6    0
    1    0
    1    0
    1    0
    1    0
    7    0
    1    0
    1    0
    6    0
    6    0
    1    0
    1    0
    6    0
    1    0
    6    0
    7    0
    1    0
    8    0
    8    0
    6    0
    6    0
    8    0
    6    0
    1    0
    1    0
    1    0
    6    0
    1    0
    1    0
    1    0
    8    0
    7    0
    1    0

  ----------------------------------------------------------------------------


 Total number of atoms      =   76
 Weight factor on initial charge restraints=  0.001000


 There are  2 charge constraints

 Reading esp"s for molecule   1
 total number of atoms      =    38
 total number of esp points =  9765


 center     X       Y       Z 
    1   0.0000000E+00   0.0000000E+00   0.0000000E+00
    2   0.0000000E+00   0.0000000E+00   0.2665776E+01
    3   0.2356889E+01   0.0000000E+00   0.3934430E+01
    4   0.4578776E+01   0.3475962E-01   0.2474490E+01
    5   0.4544715E+01   0.4950137E-01  -0.1168436E+00
    6   0.2208368E+01   0.2479509E-01  -0.1349153E+01
    7  -0.1780273E+01  -0.1055979E-01  -0.9627927E+00
    8   0.6371903E+01   0.6205860E-01   0.3403669E+01
    9   0.6268013E+01   0.8151144E-01  -0.1170149E+01
   10   0.2135680E+01   0.2989357E-01  -0.3371923E+01
   11  -0.2256002E+01  -0.8891161E-02   0.3895313E+01
   12  -0.3845872E+01  -0.1113427E-01   0.2919676E+01
   13  -0.2313786E+01   0.4943901E-01   0.5760973E+01
   14   0.2491978E+01  -0.8791005E-02   0.6705490E+01
   15   0.5045937E+01  -0.1066543E+00   0.7995056E+01
   16   0.6000010E+01   0.1674830E+01   0.7683921E+01
   17   0.6233482E+01  -0.1529867E+01   0.7139865E+01
   18   0.4834849E+01  -0.5930792E+00   0.1082613E+02
   19   0.3410302E+01   0.5931415E+00   0.1165871E+02
   20   0.7322331E+01  -0.4963743E-01   0.1213057E+02
   21   0.4118376E+01  -0.3196696E+01   0.1133114E+02
   22   0.4872721E+01  -0.4530971E+01   0.1025806E+02
   23   0.9321238E+01   0.2569631E+00   0.1112133E+02
   24   0.5831675E+00   0.9952998E-01   0.8031041E+01
   25   0.7487240E+01  -0.1663989E+01   0.1646390E+02
   26   0.2564224E+01  -0.3894289E+01   0.1325359E+02
   27   0.8159752E+01  -0.3745017E+01   0.1583735E+02
   28   0.6929230E+01  -0.7636723E+00   0.1905685E+02
   29   0.7499406E+01  -0.2172128E+01   0.2040696E+02
   30   0.7894092E+01   0.9953187E+00   0.1941588E+02
   31   0.4919988E+01  -0.4329117E+00   0.1920581E+02
   32   0.1978641E+01  -0.6660186E+01   0.1342490E+02
   33   0.3201234E+00  -0.6915756E+01   0.1457291E+02
   34   0.1666494E+01  -0.7488364E+01   0.1158536E+02
   35   0.3547016E+01  -0.7624389E+01   0.1431631E+02
   36   0.1766058E+01  -0.2359752E+01   0.1479642E+02
   37   0.7080614E+01   0.2046554E+00   0.1472062E+02
   38   0.8236119E+01   0.1446011E+01   0.1555423E+02

 Reading esp"s for molecule   2
 total number of atoms      =    38
 total number of esp points = 10056


 center     X       Y       Z 
    1   0.0000000E+00   0.0000000E+00   0.0000000E+00
    2   0.0000000E+00   0.0000000E+00   0.2666383E+01
    3   0.2357412E+01   0.0000000E+00   0.3935165E+01
    4   0.4583209E+01   0.1107379E-01   0.2480549E+01
    5   0.4550551E+01   0.1340383E-01  -0.1110498E+00
    6   0.2212850E+01   0.5877048E-02  -0.1345288E+01
    7  -0.1782501E+01  -0.2774118E-02  -0.9675851E+00
    8   0.6375523E+01   0.1950953E-01   0.3421370E+01
    9   0.6276954E+01   0.2032400E-01  -0.1168161E+01
   10   0.2143409E+01   0.6154838E-02  -0.3372467E+01
   11  -0.2247136E+01   0.2700418E-02   0.3900682E+01
   12  -0.3847017E+01   0.4267757E-01   0.2933089E+01
   13  -0.2295411E+01   0.3292092E-01   0.5773873E+01
   14   0.2499265E+01   0.1030468E-01   0.6695961E+01
   15   0.5032216E+01   0.8713904E-01   0.8019861E+01
   16   0.5956341E+01   0.1872252E+01   0.7617423E+01
   17   0.6247619E+01  -0.1411705E+01   0.7342602E+01
   18   0.4781315E+01  -0.2376576E+00   0.1089164E+02
   19   0.3967833E+01  -0.2046656E+01   0.1132775E+02
   20   0.3176909E+01   0.1824083E+01   0.1205193E+02
   21   0.7256276E+01  -0.8037383E-01   0.1209210E+02
   22   0.7908821E+01   0.1626782E+01   0.1252434E+02
   23   0.3664407E+01   0.4038664E+01   0.1186079E+02
   24   0.5954583E+00  -0.1436759E-01   0.8053217E+01
   25   0.8707963E+01  -0.2157260E+01   0.1250389E+02
   26  -0.1015015E+01   0.1999347E+01   0.1409961E+02
   27   0.8024642E+01  -0.4273201E+01   0.1183861E+02
   28  -0.1754648E+01   0.3893025E+01   0.1310303E+02
   29  -0.2375117E+01   0.4452213E+00   0.1601482E+02
   30  -0.1247620E+01   0.2895287E+00   0.1771305E+02
   31  -0.4168178E+01   0.1310311E+01   0.1644526E+02
   32  -0.2666967E+01  -0.1442073E+01   0.1528502E+02
   33   0.1116884E+02  -0.1707719E+01   0.1385198E+02
   34   0.1213020E+02  -0.4553295E-01   0.1314499E+02
   35   0.1082181E+02  -0.1441347E+01   0.1585374E+02
   36   0.1236550E+02  -0.3338845E+01   0.1361007E+02
   37   0.1293379E+01   0.8902707E+00   0.1354603E+02
   38   0.1416249E+01   0.5471494E+00   0.1540028E+02
 Initial ssvpot =     8.305


 Number of unique UNfrozen centers=   75

 Non-linear optimization requested.
 qchnge =    0.6007420517E-01
 qchnge =    0.7349403483E-02
 qchnge =    0.1513675882E-02
 qchnge =    0.4753854256E-03
 qchnge =    0.1639134439E-03
 qchnge =    0.5805917312E-04
 qchnge =    0.2076262325E-04
 qchnge =    0.7454461569E-05
 qchnge =    0.2681754566E-05
 qchnge =    0.9660056350E-06

 Convergence in    9 iterations



  conformation  2                                                               

          Point Charges Before & After Optimization

    no.  At.no.    q(init)       q(opt)     ivary    d(rstr)/dq
    1   6      -0.402089      -0.346871      0       0.002770
    2   6       0.639419       0.532519      0       0.001846
    3   6      -0.399164      -0.282191      0       0.003340
    4   6      -0.027704      -0.088159      0       0.007502
    5   6      -0.307277      -0.266639      0       0.003511
    6   6      -0.000221      -0.040642      0       0.009264
    7   1       0.171717       0.163218      0       0.000000
    8   1       0.132648       0.141784      0       0.000000
    9   1       0.162517       0.156409      0       0.000000
   10   1       0.144150       0.150188      0       0.000000
   11   7      -1.084719      -1.012545      0       0.000983
   12   1       0.447745       0.432049      0       0.000000
   13   1       0.477394       0.451809      0       0.000000
   14   6       0.698552       0.592883      0       0.001663
   15   6      -0.323408      -0.203790      0       0.004405
   16   1       0.100131       0.077559      0       0.000000
   17   1       0.107661       0.077559     16       0.000000
   18   6       0.028460       0.002048      0       0.009998
   19   1       0.144967       0.139538      0       0.000000
   20   6       0.959105       0.937297      0       0.001061
   21   7      -0.658255      -0.622959      0       0.001585
   22   1       0.361194       0.352899      0       0.000000
   23   8      -0.582096      -0.578869      0       0.001702
   24   8      -0.569205      -0.540358      0       0.001820
   25   6       0.920840       0.893076      0       0.001113
   26   6       0.837474       0.797703      0       0.001244
   27   8      -0.613106      -0.605834      0       0.001629
   28   8      -0.540933      -0.494634      0       0.001982
   29   6       0.140278       0.129974      0       0.006098
   30   1       0.138443       0.126378      0       0.000000
   31   1       0.195252       0.182418      0       0.000000
   32   1      -0.475292      -0.439712      0       0.000000
   33   6       0.141080       0.134597      0       0.005964
   34   1       0.114268       0.105583      0       0.000000
   35   1       0.146827       0.138931      0       0.000000
   36   1      -0.633137      -0.622526      0       0.000000
   37   7      -1.002853      -0.977019      0       0.001018
   38   1       0.409339       0.406331      0       0.000000

   39   6      -0.409038      -0.351654      0       0.002735
   40   6       0.654658       0.550995      0       0.001786
   41   6      -0.335603      -0.234165      0       0.003927
   42   6      -0.061728      -0.116159      0       0.006525
   43   6      -0.291713      -0.253488      0       0.003670
   44   6      -0.008085      -0.047435      0       0.009035
   45   1       0.174409       0.164734      0       0.000000
   46   1       0.136493       0.145583      0       0.000000
   47   1       0.159367       0.153388      0       0.000000
   48   1       0.146286       0.151989      0       0.000000
   49   7      -1.099462      -1.034289      0       0.000962
   50   1       0.451077       0.438004      0       0.000000
   51   1       0.486894       0.462858      0       0.000000
   52   6       0.554423       0.483907      0       0.002024
   53   6      -0.174943      -0.106725      0       0.006837
   54   1       0.072675       0.056690      0       0.000000
   55   1       0.108217       0.091603      0       0.000000
   56   6       0.025740       0.001407      0       0.009999
   57   1       0.122011       0.121302      0       0.000000
   58   6       1.019371       0.998365      0       0.000997
   59   7      -0.723042      -0.690728      0       0.001433
   60   1       0.339581       0.331203      0       0.000000
   61   8      -0.572300      -0.564424      0       0.001745
   62   8      -0.519087      -0.493630      0       0.001985
   63   6       0.859014       0.830340      0       0.001196
   64   6       0.909079       0.888048      0       0.001119
   65   8      -0.633412      -0.625391      0       0.001579
   66   6      -0.579132      -0.574127      0       0.001716
   67   1      -0.551092      -0.526360      0       0.000000
   68   1       0.138884       0.132979      0       0.000000
   69   1       0.150602       0.146011      0       0.000000
   70   6       0.174562       0.167271      0       0.005131
   71   1      -0.531547      -0.509004      0       0.000000
   72   1       0.145185       0.139514      0       0.000000
   73   1       0.146450       0.142250      0       0.000000
   74   8       0.152220       0.147678      0       0.005607
   75   7      -1.029693      -1.011304      0       0.000984
   76   1       0.392680       0.392763      0       0.000000

 Sum over the calculated charges:     -0.000

        Statistics of the fitting:
  The initial sum of squares (ssvpot)                      8.305
  The residual sum of squares (chipot)                     0.031
  The std err of estimate (sqrt(chipot/N))               0.00175
  ESP relative RMS (SQRT(chipot/ssvpot))                 0.06074
