
 -----------------------------------------------
      Restrained ESP Fit 2.3  Amber 4.1
 -----------------------------------------------
  run#1                                                                          
 -----------------------------------------------


 inopt       =     0   ioutopt     =     0
 nmol        =     2   iqopt       =     1
 ihfree      =     1   irstrnt     =     1
 iunits      =     0   qwt         =   0.00050000

 %RESP-I-MULT_MOL,  multiple-molecule run of   2 molecules

 Reading input for molecule   1 weight:     1.000
  conformation  1                                                               

 Total charge (ich):  0
 Number of centers: 37
    1    6    0
    2    6    0
    3    6    0
    4    6    0
    5    6    0
    6    6    0
    7    1    0
    8    1    0
    9    1    0
   10    1    0
   11    7    0
   12    1    0
   13    1    0
   14    6    0
   15    6    0
   16    1    0
   17    1   16
   18    6    0
   19    1    0
   20    6    0
   21    7    0
   22    1    0
   23    8    0
   24    8    0
   25    8    0
   26    6    0
   27    6    0
   28    8    0
   29    8    0
   30    6    0
   31    1    0
   32    1    0
   33    1    0
   34    6    0
   35    1    0
   36    1    0
   37    1    0

 Reading input for molecule   2 weight:     1.000
  conformation  2                                                               

 Total charge (ich):  0
 Number of centers: 37
   38    6    0
   39    6    0
   40    6    0
   41    6    0
   42    6    0
   43    6    0
   44    1    0
   45    1    0
   46    1    0
   47    1    0
   48    7    0
   49    1    0
   50    1    0
   51    6    0
   52    6    0
   53    1    0
   54    1   16
   55    6    0
   56    1    0
   57    6    0
   58    7    0
   59    1    0
   60    8    0
   61    8    0
   62    8    0
   63    6    0
   64    6    0
   65    8    0
   66    8    0
   67    6    0
   68    1    0
   69    1    0
   70    1    0
   71    6    0
   72    1    0
   73    1    0
   74    1    0

 Iqopt =1: all q0 values will be set to 0
 --------------------------------
 reading mult_mol constraint info
 --------------------------------

  --------------------
     Atom   Ivary
  --------------------
    6    0
    6    0
    6    0
    6    0
    6    0
    6    0
    1    0
    1    0
    1    0
    1    0
    7    0
    1    0
    1    0
    6    0
    6    0
    1    0
    1   16
    6    0
    1    0
    6    0
    7    0
    1    0
    8    0
    8    0
    8    0
    6    0
    6    0
    8    0
    8    0
    6    0
    1    0
    1    0
    1    0
    6    0
    1    0
    1    0
    1    0

    6    0
    6    0
    6    0
    6    0
    6    0
    6    0
    1    0
    1    0
    1    0
    1    0
    7    0
    1    0
    1    0
    6    0
    6    0
    1    0
    1   53
    6    0
    1    0
    6    0
    7    0
    1    0
    8    0
    8    0
    8    0
    6    0
    6    0
    8    0
    8    0
    6    0
    1    0
    1    0
    1    0
    6    0
    1    0
    1    0
    1    0

  ----------------------------------------------------------------------------


 Total number of atoms      =   74
 Weight factor on initial charge restraints=  0.000500


 There are  2 charge constraints

 Reading esp"s for molecule   1
 total number of atoms      =    37
 total number of esp points = 10099


 center     X       Y       Z 
    1  -0.9885833E+01   0.5710185E-01  -0.1828329E+00
    2  -0.7452206E+01   0.8213713E+00  -0.9513977E+00
    3  -0.5370675E+01  -0.7407461E+00  -0.3248590E+00
    4  -0.5842294E+01  -0.2995902E+01   0.9955568E+00
    5  -0.8227098E+01  -0.3725840E+01   0.1710983E+01
    6  -0.1026059E+02  -0.2155176E+01   0.1110399E+01
    7  -0.1145889E+02   0.1245278E+01  -0.6429509E+00
    8  -0.4295719E+01  -0.4208611E+01   0.1457211E+01
    9  -0.8518112E+01  -0.5458697E+01   0.2708051E+01
   10  -0.1213769E+02  -0.2679444E+01   0.1658051E+01
   11  -0.7209256E+01   0.3026929E+01  -0.2250737E+01
   12  -0.8716463E+01   0.4064226E+01  -0.2612104E+01
   13  -0.5531763E+01   0.3571839E+01  -0.2864020E+01
   14  -0.2779543E+01  -0.4968090E-01  -0.1058602E+01
   15  -0.5753271E+00  -0.1676268E+01  -0.2325686E+00
   16  -0.5035137E+00  -0.3318283E+01  -0.1454292E+01
   17  -0.8455201E+00  -0.2373515E+01   0.1660927E+01
   18   0.1905615E+01  -0.2188586E+00  -0.3418193E+00
   19   0.1995254E+01   0.8335808E+00  -0.2077739E+01
   20   0.4137073E+01  -0.2002529E+01  -0.2916962E+00
   21   0.2037170E+01   0.1586682E+01   0.1729116E+01
   22   0.2287317E+01   0.8093810E+00   0.3422932E+01
   23   0.6281415E+01  -0.8785242E+00  -0.1045317E+01
   24   0.4091723E+01  -0.4185841E+01   0.4099855E+00
   25  -0.2353835E+01   0.1799166E+01  -0.2410179E+01
   26   0.8624483E+01  -0.2273607E+01  -0.1001409E+01
   27   0.3320035E+01   0.3987367E+01   0.1348325E+01
   28   0.9200705E+01  -0.3052418E+01   0.1521265E+01
   29   0.1063625E+02  -0.4219116E+00  -0.1997981E+01
   30   0.1240557E+02  -0.1383421E+01  -0.2181035E+01
   31   0.1006446E+02   0.2869984E+00  -0.3803257E+01
   32   0.1083650E+02   0.1117257E+01  -0.7020748E+00
   33   0.2885050E+01   0.5663365E+01   0.3687332E+01
   34   0.4258741E+01   0.7146779E+01   0.3718459E+01
   35   0.1030078E+01   0.6464095E+01   0.3607196E+01
   36   0.3064102E+01   0.4543712E+01   0.5361498E+01
   37   0.2227562E+01   0.5246543E+01  -0.7785161E+00

 Reading esp"s for molecule   2
 total number of atoms      =    37
 total number of esp points =  9982


 center     X       Y       Z 
    1   0.9082116E+01   0.9249113E+00  -0.4317022E+00
    2   0.6498261E+01   0.1460163E+01  -0.7722101E+00
    3   0.4718389E+01  -0.4084151E+00  -0.8319897E-01
    4   0.5609805E+01  -0.2711315E+01   0.8909529E+00
    5   0.8131372E+01  -0.3209641E+01   0.1206896E+01
    6   0.9870298E+01  -0.1344585E+01   0.5300662E+00
    7   0.1044522E+02   0.2338045E+01  -0.9592608E+00
    8   0.4273691E+01  -0.4141609E+01   0.1420864E+01
    9   0.8753014E+01  -0.4989037E+01   0.1958470E+01
   10   0.1186115E+02  -0.1685348E+01   0.7610191E+00
   11   0.5841935E+01   0.3720075E+01  -0.1807973E+01
   12   0.7130076E+01   0.5086589E+01  -0.1792594E+01
   13   0.4040183E+01   0.4244608E+01  -0.1730186E+01
   14   0.1973739E+01   0.4537043E-01  -0.3222380E+00
   15   0.1207384E+00  -0.2010612E+01   0.4511173E+00
   16   0.3027832E+00  -0.2367059E+01   0.2462562E+01
   17   0.5412345E+00  -0.3757580E+01  -0.5303781E+00
   18  -0.2617233E+01  -0.1291484E+01  -0.1593738E+00
   19  -0.2839822E+01  -0.1007883E+01  -0.2159949E+01
   20  -0.3415755E+01   0.1078227E+01   0.1256016E+01
   21  -0.4352309E+01  -0.3266998E+01   0.6207580E+00
   22  -0.4848580E+01  -0.3314721E+01   0.2434555E+01
   23  -0.4468433E+01   0.2816606E+01  -0.2817827E+00
   24  -0.3319527E+01   0.1247164E+01   0.3476929E+01
   25   0.1107875E+01   0.2013350E+01  -0.1085867E+01
   26  -0.4940483E+01  -0.5242020E+01  -0.9073425E+00
   27  -0.4517896E+01   0.5342155E+01   0.2523710E+00
   28  -0.4132232E+01  -0.5427104E+01  -0.3017671E+01
   29  -0.3253985E+01   0.6309391E+01   0.1798764E+01
   30  -0.6339647E+01   0.6641931E+01  -0.1492247E+01
   31  -0.8221175E+01   0.5879969E+01  -0.1218873E+01
   32  -0.6330367E+01   0.8645326E+01  -0.1107155E+01
   33  -0.5799902E+01   0.6293617E+01  -0.3436540E+01
   34  -0.6759673E+01  -0.7147206E+01   0.2043417E+00
   35  -0.6557109E+01  -0.7341623E+01   0.2233477E+01
   36  -0.8677969E+01  -0.6540674E+01  -0.1937914E+00
   37  -0.6453575E+01  -0.8954287E+01  -0.6954003E+00
 Initial ssvpot =     7.966


 Number of unique UNfrozen centers=   72

 Non-linear optimization requested.
 qchnge =    0.5211183512E-01
 qchnge =    0.1908081838E-02
 qchnge =    0.3010072332E-03
 qchnge =    0.5626246856E-04
 qchnge =    0.1123980518E-04
 qchnge =    0.2334584849E-05
 qchnge =    0.4980714641E-06

 Convergence in    6 iterations



  conformation  2                                                               

          Point Charges Before & After Optimization

    no.  At.no.    q(init)       q(opt)     ivary    d(rstr)/dq
    1   6       0.000000      -0.406083      0       0.001196
    2   6       0.000000       0.657110      0       0.000752
    3   6       0.000000      -0.387481      0       0.001249
    4   6       0.000000      -0.028168      0       0.004813
    5   6       0.000000      -0.306988      0       0.001549
    6   6       0.000000      -0.003318      0       0.004997
    7   1       0.000000       0.170363      0       0.000000
    8   1       0.000000       0.131569      0       0.000000
    9   1       0.000000       0.159720      0       0.000000
   10   1       0.000000       0.143250      0       0.000000
   11   7       0.000000      -1.105967      0       0.000450
   12   1       0.000000       0.452457      0       0.000000
   13   1       0.000000       0.482004      0       0.000000
   14   6       0.000000       0.593228      0       0.000831
   15   6       0.000000      -0.211760      0       0.002135
   16   1       0.000000       0.089412      0       0.000000
   17   1       0.000000       0.089412     16       0.000000
   18   6       0.000000      -0.073032      0       0.004038
   19   1       0.000000       0.077055      0       0.000000
   20   6       0.000000       0.953165      0       0.000522
   21   7       0.000000      -0.431728      0       0.001128
   22   1       0.000000       0.308203      0       0.000000
   23   8       0.000000      -0.460403      0       0.001061
   24   8       0.000000      -0.621893      0       0.000794
   25   8       0.000000      -0.468108      0       0.001045
   26   6       0.000000       0.580952      0       0.000848
   27   6       0.000000       0.490919      0       0.000998
   28   8       0.000000      -0.451816      0       0.001080
   29   8       0.000000      -0.333709      0       0.001435
   30   6       0.000000       0.109923      0       0.003365
   31   1       0.000000       0.108567      0       0.000000
   32   1       0.000000       0.189096      0       0.000000
   33   1       0.000000      -0.341708      0       0.000000
   34   6       0.000000       0.114769      0       0.003285
   35   1       0.000000       0.177163      0       0.000000
   36   1       0.000000       0.081866      0       0.000000
   37   1       0.000000      -0.528040      0       0.000000

   38   6       0.000000      -0.382959      0       0.001263
   39   6       0.000000       0.547187      0       0.000899
   40   6       0.000000      -0.272106      0       0.001725
   41   6       0.000000      -0.111472      0       0.003339
   42   6       0.000000      -0.251485      0       0.001847
   43   6       0.000000      -0.016976      0       0.004930
   44   1       0.000000       0.176305      0       0.000000
   45   1       0.000000       0.147129      0       0.000000
   46   1       0.000000       0.150436      0       0.000000
   47   1       0.000000       0.140769      0       0.000000
   48   7       0.000000      -0.966845      0       0.000514
   49   1       0.000000       0.403705      0       0.000000
   50   1       0.000000       0.436010      0       0.000000
   51   6       0.000000       0.579782      0       0.000850
   52   6       0.000000      -0.165422      0       0.002587
   53   1       0.000000       0.081089      0       0.000000
   54   1       0.000000       0.081089     53       0.000000
   55   6       0.000000       0.050232      0       0.004468
   56   1       0.000000       0.131745      0       0.000000
   57   6       0.000000       0.834863      0       0.000595
   58   7       0.000000      -0.721512      0       0.000686
   59   1       0.000000       0.352554      0       0.000000
   60   8       0.000000      -0.594262      0       0.000830
   61   8       0.000000      -0.547057      0       0.000899
   62   8       0.000000      -0.546321      0       0.000900
   63   6       0.000000       0.875101      0       0.000568
   64   6       0.000000       0.949977      0       0.000523
   65   8       0.000000      -0.619987      0       0.000796
   66   8       0.000000      -0.565047      0       0.000871
   67   6       0.000000      -0.541482      0       0.000908
   68   1       0.000000       0.163093      0       0.000000
   69   1       0.000000       0.141687      0       0.000000
   70   1       0.000000       0.163471      0       0.000000
   71   6       0.000000      -0.562791      0       0.000875
   72   1       0.000000       0.144463      0       0.000000
   73   1       0.000000       0.156700      0       0.000000
   74   1       0.000000       0.158335      0       0.000000

 Sum over the calculated charges:     -0.000

        Statistics of the fitting:
  The initial sum of squares (ssvpot)                      7.966
  The residual sum of squares (chipot)                     0.060
  The std err of estimate (sqrt(chipot/N))               0.00246
  ESP relative RMS (SQRT(chipot/ssvpot))                 0.08693
