
 -----------------------------------------------
      Restrained ESP Fit 2.3  Amber 4.1
 -----------------------------------------------
  run#1                                                                          
 -----------------------------------------------


 inopt       =     0   ioutopt     =     0
 nmol        =     2   iqopt       =     1
 ihfree      =     1   irstrnt     =     1
 iunits      =     0   qwt         =   0.00050000

 %RESP-I-MULT_MOL,  multiple-molecule run of   2 molecules

 Reading input for molecule   1 weight:     1.000
  conformation  1                                                               

 Total charge (ich):  0
 Number of centers: 37
    1    6    0
    2    6    0
    3    6    0
    4    6    0
    5    6    0
    6    6    0
    7    1    0
    8    1    0
    9    1    0
   10    1    0
   11    7    0
   12    1    0
   13    1    0
   14    6    0
   15    6    0
   16    1    0
   17    1    0
   18    6    0
   19    1    0
   20    6    0
   21    7    0
   22    1    0
   23    8    0
   24    8    0
   25    8    0
   26    6    0
   27    6    0
   28    8    0
   29    8    0
   30    6    0
   31    1    0
   32    1    0
   33    1    0
   34    6    0
   35    1    0
   36    1    0
   37    1    0

 Reading input for molecule   2 weight:     1.000
  conformation  2                                                               

 Total charge (ich):  0
 Number of centers: 37
   38    6    0
   39    6    0
   40    6    0
   41    6    0
   42    6    0
   43    6    0
   44    1    0
   45    1    0
   46    1    0
   47    1    0
   48    7    0
   49    1    0
   50    1    0
   51    6    0
   52    6    0
   53    1    0
   54    1    0
   55    6    0
   56    1    0
   57    6    0
   58    7    0
   59    1    0
   60    8    0
   61    8    0
   62    8    0
   63    6    0
   64    6    0
   65    8    0
   66    8    0
   67    6    0
   68    1    0
   69    1    0
   70    1    0
   71    6    0
   72    1    0
   73    1    0
   74    1    0

 Iqopt =1: all q0 values will be set to 0
 --------------------------------
 reading mult_mol constraint info
 --------------------------------

  --------------------
     Atom   Ivary
  --------------------
    6    0
    6    0
    6    0
    6    0
    6    0
    6    0
    1    0
    1    0
    1    0
    1    0
    7    0
    1    0
    1    0
    6    0
    6    0
    1    0
    1    0
    6    0
    1    0
    6    0
    7    0
    1    0
    8    0
    8    0
    8    0
    6    0
    6    0
    8    0
    8    0
    6    0
    1    0
    1    0
    1    0
    6    0
    1    0
    1    0
    1    0

    6    0
    6    0
    6    0
    6    0
    6    0
    6    0
    1    0
    1    0
    1    0
    1    0
    7    0
    1    0
    1    0
    6    0
    6    0
    1    0
    1    0
    6    0
    1    0
    6    0
    7    0
    1    0
    8    0
    8    0
    8    0
    6    0
    6    0
    8    0
    8    0
    6    0
    1    0
    1    0
    1    0
    6    0
    1    0
    1    0
    1    0

  ----------------------------------------------------------------------------


 Total number of atoms      =   74
 Weight factor on initial charge restraints=  0.000500


 There are  2 charge constraints

 Reading esp"s for molecule   1
 total number of atoms      =    37
 total number of esp points = 10099


 center     X       Y       Z 
    1  -0.9885833E+01   0.5710185E-01  -0.1828329E+00
    2  -0.7452206E+01   0.8213713E+00  -0.9513977E+00
    3  -0.5370675E+01  -0.7407461E+00  -0.3248590E+00
    4  -0.5842294E+01  -0.2995902E+01   0.9955568E+00
    5  -0.8227098E+01  -0.3725840E+01   0.1710983E+01
    6  -0.1026059E+02  -0.2155176E+01   0.1110399E+01
    7  -0.1145889E+02   0.1245278E+01  -0.6429509E+00
    8  -0.4295719E+01  -0.4208611E+01   0.1457211E+01
    9  -0.8518112E+01  -0.5458697E+01   0.2708051E+01
   10  -0.1213769E+02  -0.2679444E+01   0.1658051E+01
   11  -0.7209256E+01   0.3026929E+01  -0.2250737E+01
   12  -0.8716463E+01   0.4064226E+01  -0.2612104E+01
   13  -0.5531763E+01   0.3571839E+01  -0.2864020E+01
   14  -0.2779543E+01  -0.4968090E-01  -0.1058602E+01
   15  -0.5753271E+00  -0.1676268E+01  -0.2325686E+00
   16  -0.5035137E+00  -0.3318283E+01  -0.1454292E+01
   17  -0.8455201E+00  -0.2373515E+01   0.1660927E+01
   18   0.1905615E+01  -0.2188586E+00  -0.3418193E+00
   19   0.1995254E+01   0.8335808E+00  -0.2077739E+01
   20   0.4137073E+01  -0.2002529E+01  -0.2916962E+00
   21   0.2037170E+01   0.1586682E+01   0.1729116E+01
   22   0.2287317E+01   0.8093810E+00   0.3422932E+01
   23   0.6281415E+01  -0.8785242E+00  -0.1045317E+01
   24   0.4091723E+01  -0.4185841E+01   0.4099855E+00
   25  -0.2353835E+01   0.1799166E+01  -0.2410179E+01
   26   0.8624483E+01  -0.2273607E+01  -0.1001409E+01
   27   0.3320035E+01   0.3987367E+01   0.1348325E+01
   28   0.9200705E+01  -0.3052418E+01   0.1521265E+01
   29   0.1063625E+02  -0.4219116E+00  -0.1997981E+01
   30   0.1240557E+02  -0.1383421E+01  -0.2181035E+01
   31   0.1006446E+02   0.2869984E+00  -0.3803257E+01
   32   0.1083650E+02   0.1117257E+01  -0.7020748E+00
   33   0.2885050E+01   0.5663365E+01   0.3687332E+01
   34   0.4258741E+01   0.7146779E+01   0.3718459E+01
   35   0.1030078E+01   0.6464095E+01   0.3607196E+01
   36   0.3064102E+01   0.4543712E+01   0.5361498E+01
   37   0.2227562E+01   0.5246543E+01  -0.7785161E+00

 Reading esp"s for molecule   2
 total number of atoms      =    37
 total number of esp points =  9982


 center     X       Y       Z 
    1   0.9082116E+01   0.9249113E+00  -0.4317022E+00
    2   0.6498261E+01   0.1460163E+01  -0.7722101E+00
    3   0.4718389E+01  -0.4084151E+00  -0.8319897E-01
    4   0.5609805E+01  -0.2711315E+01   0.8909529E+00
    5   0.8131372E+01  -0.3209641E+01   0.1206896E+01
    6   0.9870298E+01  -0.1344585E+01   0.5300662E+00
    7   0.1044522E+02   0.2338045E+01  -0.9592608E+00
    8   0.4273691E+01  -0.4141609E+01   0.1420864E+01
    9   0.8753014E+01  -0.4989037E+01   0.1958470E+01
   10   0.1186115E+02  -0.1685348E+01   0.7610191E+00
   11   0.5841935E+01   0.3720075E+01  -0.1807973E+01
   12   0.7130076E+01   0.5086589E+01  -0.1792594E+01
   13   0.4040183E+01   0.4244608E+01  -0.1730186E+01
   14   0.1973739E+01   0.4537043E-01  -0.3222380E+00
   15   0.1207384E+00  -0.2010612E+01   0.4511173E+00
   16   0.3027832E+00  -0.2367059E+01   0.2462562E+01
   17   0.5412345E+00  -0.3757580E+01  -0.5303781E+00
   18  -0.2617233E+01  -0.1291484E+01  -0.1593738E+00
   19  -0.2839822E+01  -0.1007883E+01  -0.2159949E+01
   20  -0.3415755E+01   0.1078227E+01   0.1256016E+01
   21  -0.4352309E+01  -0.3266998E+01   0.6207580E+00
   22  -0.4848580E+01  -0.3314721E+01   0.2434555E+01
   23  -0.4468433E+01   0.2816606E+01  -0.2817827E+00
   24  -0.3319527E+01   0.1247164E+01   0.3476929E+01
   25   0.1107875E+01   0.2013350E+01  -0.1085867E+01
   26  -0.4940483E+01  -0.5242020E+01  -0.9073425E+00
   27  -0.4517896E+01   0.5342155E+01   0.2523710E+00
   28  -0.4132232E+01  -0.5427104E+01  -0.3017671E+01
   29  -0.3253985E+01   0.6309391E+01   0.1798764E+01
   30  -0.6339647E+01   0.6641931E+01  -0.1492247E+01
   31  -0.8221175E+01   0.5879969E+01  -0.1218873E+01
   32  -0.6330367E+01   0.8645326E+01  -0.1107155E+01
   33  -0.5799902E+01   0.6293617E+01  -0.3436540E+01
   34  -0.6759673E+01  -0.7147206E+01   0.2043417E+00
   35  -0.6557109E+01  -0.7341623E+01   0.2233477E+01
   36  -0.8677969E+01  -0.6540674E+01  -0.1937914E+00
   37  -0.6453575E+01  -0.8954287E+01  -0.6954003E+00
 Initial ssvpot =     7.966


 Number of unique UNfrozen centers=   74

 Non-linear optimization requested.
 qchnge =    0.5203244387E-01
 qchnge =    0.1995712491E-02
 qchnge =    0.3320501367E-03
 qchnge =    0.6315149027E-04
 qchnge =    0.1235643040E-04
 qchnge =    0.2442856878E-05
 qchnge =    0.4852971447E-06

 Convergence in    6 iterations



  conformation  2                                                               

          Point Charges Before & After Optimization

    no.  At.no.    q(init)       q(opt)     ivary    d(rstr)/dq
    1   6       0.000000      -0.404144      0       0.001201
    2   6       0.000000       0.642818      0       0.000769
    3   6       0.000000      -0.359590      0       0.001340
    4   6       0.000000      -0.040865      0       0.004629
    5   6       0.000000      -0.305524      0       0.001555
    6   6       0.000000      -0.003436      0       0.004997
    7   1       0.000000       0.170610      0       0.000000
    8   1       0.000000       0.139100      0       0.000000
    9   1       0.000000       0.159409      0       0.000000
   10   1       0.000000       0.143140      0       0.000000
   11   7       0.000000      -1.096895      0       0.000454
   12   1       0.000000       0.450677      0       0.000000
   13   1       0.000000       0.478747      0       0.000000
   14   6       0.000000       0.568128      0       0.000867
   15   6       0.000000      -0.218272      0       0.002082
   16   1       0.000000       0.095951      0       0.000000
   17   1       0.000000       0.077812      0       0.000000
   18   6       0.000000      -0.028745      0       0.004805
   19   1       0.000000       0.065597      0       0.000000
   20   6       0.000000       0.924426      0       0.000538
   21   7       0.000000      -0.422343      0       0.001152
   22   1       0.000000       0.308103      0       0.000000
   23   8       0.000000      -0.455959      0       0.001071
   24   8       0.000000      -0.616084      0       0.000801
   25   8       0.000000      -0.462901      0       0.001056
   26   6       0.000000       0.584394      0       0.000843
   27   6       0.000000       0.480038      0       0.001020
   28   8       0.000000      -0.452240      0       0.001080
   29   8       0.000000      -0.338386      0       0.001417
   30   6       0.000000       0.110758      0       0.003351
   31   1       0.000000       0.109614      0       0.000000
   32   1       0.000000       0.190178      0       0.000000
   33   1       0.000000      -0.338475      0       0.000000
   34   6       0.000000       0.116028      0       0.003264
   35   1       0.000000       0.175759      0       0.000000
   36   1       0.000000       0.079505      0       0.000000
   37   1       0.000000      -0.526936      0       0.000000

   38   6       0.000000      -0.388011      0       0.001248
   39   6       0.000000       0.565339      0       0.000871
   40   6       0.000000      -0.285223      0       0.001654
   41   6       0.000000      -0.100040      0       0.003535
   42   6       0.000000      -0.255200      0       0.001824
   43   6       0.000000      -0.016964      0       0.004930
   44   1       0.000000       0.176777      0       0.000000
   45   1       0.000000       0.141102      0       0.000000
   46   1       0.000000       0.151584      0       0.000000
   47   1       0.000000       0.141460      0       0.000000
   48   7       0.000000      -0.985259      0       0.000505
   49   1       0.000000       0.408733      0       0.000000
   50   1       0.000000       0.442081      0       0.000000
   51   6       0.000000       0.583266      0       0.000845
   52   6       0.000000      -0.203310      0       0.002207
   53   1       0.000000       0.072647      0       0.000000
   54   1       0.000000       0.115384      0       0.000000
   55   6       0.000000       0.068787      0       0.004119
   56   1       0.000000       0.125867      0       0.000000
   57   6       0.000000       0.860859      0       0.000577
   58   7       0.000000      -0.738937      0       0.000671
   59   1       0.000000       0.358481      0       0.000000
   60   8       0.000000      -0.602539      0       0.000819
   61   8       0.000000      -0.547794      0       0.000898
   62   8       0.000000      -0.544451      0       0.000903
   63   6       0.000000       0.872441      0       0.000569
   64   6       0.000000       0.932825      0       0.000533
   65   8       0.000000      -0.626410      0       0.000788
   66   8       0.000000      -0.562148      0       0.000876
   67   6       0.000000      -0.519689      0       0.000945
   68   1       0.000000       0.157911      0       0.000000
   69   1       0.000000       0.137005      0       0.000000
   70   1       0.000000       0.160785      0       0.000000
   71   6       0.000000      -0.547493      0       0.000898
   72   1       0.000000       0.139686      0       0.000000
   73   1       0.000000       0.154898      0       0.000000
   74   1       0.000000       0.155553      0       0.000000

 Sum over the calculated charges:     -0.000

        Statistics of the fitting:
  The initial sum of squares (ssvpot)                      7.966
  The residual sum of squares (chipot)                     0.058
  The std err of estimate (sqrt(chipot/N))               0.00241
  ESP relative RMS (SQRT(chipot/ssvpot))                 0.08533
