
 -----------------------------------------------
      Restrained ESP Fit 2.3  Amber 4.1
 -----------------------------------------------
 Resp charges for organic molecule                                               
 -----------------------------------------------


 inopt       =     0   ioutopt     =     1
 nmol        =     1   iqopt       =     0
 ihfree      =     1   irstrnt     =     1
 iunits      =     0   qwt         =   0.00050000
 wtmol(1) =     1.000000
 subtitle:

Resp charges for organic molecule                                               
ich =   0  iuniq =  38
    1    6    0
    2    6    0
    3    6    0
    4    6    0
    5    6    0
    6    6    0
    7    1    0
    8    1    0
    9    1    0
   10    1    0
   11    7    0
   12    1    0
   13    1   12
   14    6    0
   15    6    0
   16    1    0
   17    1    0
   18    6    0
   19    1    0
   20    6    0
   21    7    0
   22    1    0
   23    8    0
   24    8    0
   25    6    0
   26    6    0
   27    8    0
   28    6    0
   29    1    0
   30    1    0
   31    1    0
   32    6    0
   33    1    0
   34    1    0
   35    1    0
   36    8    0
   37    7    0
   38    1    0

  ----------------------------------------------------------------------------
     ATOM                       COORDINATES                         CHARGE
                       X             Y                Z
  ----------------------------------------------------------------------------
  ----------------------------------------------------------------------------


 Charge on the molecule(ich) =    0
 Total number of atoms (iuniq)     =   38
 Weight factor on initial charge restraints(qwt)=     0.50000D-03


  there are  1 charge constraints:


     1       1
     2       1
     3       1
     4       1
     5       1
     6       1
     7       1
     8       1
     9       1
    10       1
    11       1
    12       1
    13       1
    14       1
    15       1
    16       1
    17       1
    18       1
    19       1
    20       1
    21       1
    22       1
    23       1
    24       1
    25       1
    26       1
    27       1
    28       1
    29       1
    30       1
    31       1
    32       1
    33       1
    34       1
    35       1
    36       1
    37       1
    38       1

 Reading esp"s for molecule   1
 total number of atoms      =    38
 total number of esp points =  9765


 center     X       Y       Z 
    1   0.0000000E+00   0.0000000E+00   0.0000000E+00
    2   0.0000000E+00   0.0000000E+00   0.2665776E+01
    3   0.2356889E+01   0.0000000E+00   0.3934430E+01
    4   0.4578776E+01   0.3475962E-01   0.2474490E+01
    5   0.4544715E+01   0.4950137E-01  -0.1168436E+00
    6   0.2208368E+01   0.2479509E-01  -0.1349153E+01
    7  -0.1780273E+01  -0.1055979E-01  -0.9627927E+00
    8   0.6371903E+01   0.6205860E-01   0.3403669E+01
    9   0.6268013E+01   0.8151144E-01  -0.1170149E+01
   10   0.2135680E+01   0.2989357E-01  -0.3371923E+01
   11  -0.2256002E+01  -0.8891161E-02   0.3895313E+01
   12  -0.3845872E+01  -0.1113427E-01   0.2919676E+01
   13  -0.2313786E+01   0.4943901E-01   0.5760973E+01
   14   0.2491978E+01  -0.8791005E-02   0.6705490E+01
   15   0.5045937E+01  -0.1066543E+00   0.7995056E+01
   16   0.6000010E+01   0.1674830E+01   0.7683921E+01
   17   0.6233482E+01  -0.1529867E+01   0.7139865E+01
   18   0.4834849E+01  -0.5930792E+00   0.1082613E+02
   19   0.3410302E+01   0.5931415E+00   0.1165871E+02
   20   0.7322331E+01  -0.4963743E-01   0.1213057E+02
   21   0.4118376E+01  -0.3196696E+01   0.1133114E+02
   22   0.4872721E+01  -0.4530971E+01   0.1025806E+02
   23   0.9321238E+01   0.2569631E+00   0.1112133E+02
   24   0.5831675E+00   0.9952998E-01   0.8031041E+01
   25   0.7487240E+01  -0.1663989E+01   0.1646390E+02
   26   0.2564224E+01  -0.3894289E+01   0.1325359E+02
   27   0.8159752E+01  -0.3745017E+01   0.1583735E+02
   28   0.6929230E+01  -0.7636723E+00   0.1905685E+02
   29   0.7499406E+01  -0.2172128E+01   0.2040696E+02
   30   0.7894092E+01   0.9953187E+00   0.1941588E+02
   31   0.4919988E+01  -0.4329117E+00   0.1920581E+02
   32   0.1978641E+01  -0.6660186E+01   0.1342490E+02
   33   0.3201234E+00  -0.6915756E+01   0.1457291E+02
   34   0.1666494E+01  -0.7488364E+01   0.1158536E+02
   35   0.3547016E+01  -0.7624389E+01   0.1431631E+02
   36   0.1766058E+01  -0.2359752E+01   0.1479642E+02
   37   0.7080614E+01   0.2046554E+00   0.1472062E+02
   38   0.8236119E+01   0.1446011E+01   0.1555423E+02
 Initial ssvpot =     3.412


 Number of unique UNfrozen centers=   37

 Non-linear optimization requested.
 qchnge =    0.8121032886E-01
 qchnge =    0.3541044034E-02
 qchnge =    0.6371320919E-03
 qchnge =    0.1275269048E-03
 qchnge =    0.2629251891E-04
 qchnge =    0.5475816495E-05
 qchnge =    0.1144269355E-05
 qchnge =    0.2394149188E-06

 Convergence in    7 iterations


Resp charges for organic molecule                                               

          Point Charges Before & After Optimization

    no.  At.no.    q(init)       q(opt)     ivary    d(rstr)/dq
    1   6       0.000000      -0.385473      0       0.001256
    2   6       0.000000       0.587053      0       0.000840
    3   6       0.000000      -0.350912      0       0.001370
    4   6       0.000000      -0.045546      0       0.004550
    5   6       0.000000      -0.304712      0       0.001559
    6   6       0.000000      -0.000135      0       0.005000
    7   1       0.000000       0.165439      0       0.000000
    8   1       0.000000       0.136805      0       0.000000
    9   1       0.000000       0.162680      0       0.000000
   10   1       0.000000       0.143353      0       0.000000
   11   7       0.000000      -1.040172      0       0.000478
   12   1       0.000000       0.446511      0       0.000000
   13   1       0.000000       0.446511     12       0.000000
   14   6       0.000000       0.666950      0       0.000741
   15   6       0.000000      -0.326110      0       0.001466
   16   1       0.000000       0.101377      0       0.000000
   17   1       0.000000       0.107754      0       0.000000
   18   6       0.000000       0.040313      0       0.004637
   19   1       0.000000       0.136743      0       0.000000
   20   6       0.000000       0.956685      0       0.000520
   21   7       0.000000      -0.661883      0       0.000747
   22   1       0.000000       0.363364      0       0.000000
   23   8       0.000000      -0.582909      0       0.000845
   24   8       0.000000      -0.542685      0       0.000906
   25   6       0.000000       0.918963      0       0.000541
   26   6       0.000000       0.821077      0       0.000604
   27   8       0.000000      -0.612386      0       0.000806
   28   6       0.000000      -0.543073      0       0.000905
   29   1       0.000000       0.141296      0       0.000000
   30   1       0.000000       0.138882      0       0.000000
   31   1       0.000000       0.195410      0       0.000000
   32   6       0.000000      -0.446393      0       0.001093
   33   1       0.000000       0.134464      0       0.000000
   34   1       0.000000       0.107583      0       0.000000
   35   1       0.000000       0.140169      0       0.000000
   36   8       0.000000      -0.629148      0       0.000785
   37   7       0.000000      -0.994737      0       0.000500
   38   1       0.000000       0.406891      0       0.000000

 Sum over the calculated charges:     -0.000

        Statistics of the fitting:
  The initial sum of squares (ssvpot)                      3.412
  The residual sum of squares (chipot)                     0.013
  The std err of estimate (sqrt(chipot/N))               0.00117
  ESP relative RMS (SQRT(chipot/ssvpot))                 0.06267

 Center of Mass (Angst.):

 X  =   0.00000      Y  =   0.00000      Z  =   0.00000

 Dipole (Debye):

 X  =  -0.73068      Y  =   0.27864      Z  =  -2.81301

 Dipole Moment (Debye)=   2.91968

 Quadrupole (Debye*Angst.):

 Qxx =  -7.88558     QYY =  20.79879     QZZ = -12.91320
 Qxy =  19.74995     QXZ =   1.66000     QYZ =  23.33006
