mkdir: cannot create directory `ana_md': File exists
mkdir: cannot create directory `e2e': File exists
**********************************
\n
please remove minimization dcd's
\n
**********************************
/usr/local/lib/vmd/vmd_LINUXAMD64: /usr/lib64/nvidia/libGL.so.1: no version information available (required by /usr/local/lib/vmd/vmd_LINUXAMD64)
Done at pCBMAn1_18_ata_0.0M_310.5K_gamd_10ps/imd_1 
mkdir: cannot create directory `ana_md': File exists
mkdir: cannot create directory `e2e': File exists
**********************************
\n
please remove minimization dcd's
\n
**********************************
/usr/local/lib/vmd/vmd_LINUXAMD64: /usr/lib64/nvidia/libGL.so.1: no version information available (required by /usr/local/lib/vmd/vmd_LINUXAMD64)
Done at pCBMAn1_18_ata_0.0M_310.5K_gamd_10ps/imd_2 
mkdir: cannot create directory `ana_md': File exists
mkdir: cannot create directory `e2e': File exists
**********************************
\n
please remove minimization dcd's
\n
**********************************
/usr/local/lib/vmd/vmd_LINUXAMD64: /usr/lib64/nvidia/libGL.so.1: no version information available (required by /usr/local/lib/vmd/vmd_LINUXAMD64)
Done at pCBMAn1_18_ata_0.0M_310.5K_gamd_10ps/imd_3 
mkdir: cannot create directory `ana_md': File exists
mkdir: cannot create directory `e2e': File exists
**********************************
\n
please remove minimization dcd's
\n
**********************************
/usr/local/lib/vmd/vmd_LINUXAMD64: /usr/lib64/nvidia/libGL.so.1: no version information available (required by /usr/local/lib/vmd/vmd_LINUXAMD64)
Done at pCBMAn1_18_ata_0.3M_310.5K_gamd_10ps/imd_1 
mkdir: cannot create directory `ana_md': File exists
mkdir: cannot create directory `e2e': File exists
**********************************
\n
please remove minimization dcd's
\n
**********************************
/usr/local/lib/vmd/vmd_LINUXAMD64: /usr/lib64/nvidia/libGL.so.1: no version information available (required by /usr/local/lib/vmd/vmd_LINUXAMD64)
Done at pCBMAn1_18_ata_0.3M_310.5K_gamd_10ps/imd_2 
mkdir: cannot create directory `ana_md': File exists
mkdir: cannot create directory `e2e': File exists
**********************************
\n
please remove minimization dcd's
\n
**********************************
/usr/local/lib/vmd/vmd_LINUXAMD64: /usr/lib64/nvidia/libGL.so.1: no version information available (required by /usr/local/lib/vmd/vmd_LINUXAMD64)
Done at pCBMAn1_18_ata_0.3M_310.5K_gamd_10ps/imd_3 
mkdir: cannot create directory `ana_md': File exists
mkdir: cannot create directory `e2e': File exists
**********************************
\n
please remove minimization dcd's
\n
**********************************
/usr/local/lib/vmd/vmd_LINUXAMD64: /usr/lib64/nvidia/libGL.so.1: no version information available (required by /usr/local/lib/vmd/vmd_LINUXAMD64)
Done at pCBMAn1_18_ata_1.0M_310.5K_gamd_10ps/imd_1 
mkdir: cannot create directory `ana_md': File exists
mkdir: cannot create directory `e2e': File exists
**********************************
\n
please remove minimization dcd's
\n
**********************************
/usr/local/lib/vmd/vmd_LINUXAMD64: /usr/lib64/nvidia/libGL.so.1: no version information available (required by /usr/local/lib/vmd/vmd_LINUXAMD64)
Done at pCBMAn1_18_ata_1.0M_310.5K_gamd_10ps/imd_2 
mkdir: cannot create directory `ana_md': File exists
mkdir: cannot create directory `e2e': File exists
**********************************
\n
please remove minimization dcd's
\n
**********************************
/usr/local/lib/vmd/vmd_LINUXAMD64: /usr/lib64/nvidia/libGL.so.1: no version information available (required by /usr/local/lib/vmd/vmd_LINUXAMD64)
Done at pCBMAn1_18_ata_1.0M_310.5K_gamd_10ps/imd_3 
mkdir: cannot create directory `ana_md': File exists
mkdir: cannot create directory `e2e': File exists
**********************************
\n
please remove minimization dcd's
\n
**********************************
/usr/local/lib/vmd/vmd_LINUXAMD64: /usr/lib64/nvidia/libGL.so.1: no version information available (required by /usr/local/lib/vmd/vmd_LINUXAMD64)
Done at pCBMAn1_18_ata_2.0M_310.5K_gamd_10ps/imd_1 
mkdir: cannot create directory `ana_md': File exists
mkdir: cannot create directory `e2e': File exists
**********************************
\n
please remove minimization dcd's
\n
**********************************
/usr/local/lib/vmd/vmd_LINUXAMD64: /usr/lib64/nvidia/libGL.so.1: no version information available (required by /usr/local/lib/vmd/vmd_LINUXAMD64)
Done at pCBMAn1_18_ata_2.0M_310.5K_gamd_10ps/imd_2 
mkdir: cannot create directory `ana_md': File exists
mkdir: cannot create directory `e2e': File exists
**********************************
\n
please remove minimization dcd's
\n
**********************************
/usr/local/lib/vmd/vmd_LINUXAMD64: /usr/lib64/nvidia/libGL.so.1: no version information available (required by /usr/local/lib/vmd/vmd_LINUXAMD64)
Done at pCBMAn1_18_ata_2.0M_310.5K_gamd_10ps/imd_3 
mkdir: cannot create directory `ana_md': File exists
mkdir: cannot create directory `e2e': File exists
**********************************
\n
please remove minimization dcd's
\n
**********************************
/usr/local/lib/vmd/vmd_LINUXAMD64: /usr/lib64/nvidia/libGL.so.1: no version information available (required by /usr/local/lib/vmd/vmd_LINUXAMD64)
Done at pCBMAn1_18_ata_3.0M_310.5K_gamd_10ps/imd_1 
mkdir: cannot create directory `ana_md': File exists
mkdir: cannot create directory `e2e': File exists
**********************************
\n
please remove minimization dcd's
\n
**********************************
/usr/local/lib/vmd/vmd_LINUXAMD64: /usr/lib64/nvidia/libGL.so.1: no version information available (required by /usr/local/lib/vmd/vmd_LINUXAMD64)
Done at pCBMAn1_18_ata_3.0M_310.5K_gamd_10ps/imd_2 
mkdir: cannot create directory `ana_md': File exists
mkdir: cannot create directory `e2e': File exists
**********************************
\n
please remove minimization dcd's
\n
**********************************
/usr/local/lib/vmd/vmd_LINUXAMD64: /usr/lib64/nvidia/libGL.so.1: no version information available (required by /usr/local/lib/vmd/vmd_LINUXAMD64)
Done at pCBMAn1_18_ata_3.0M_310.5K_gamd_10ps/imd_3 
mkdir: cannot create directory `ana_md': File exists
mkdir: cannot create directory `e2e': File exists
**********************************
\n
please remove minimization dcd's
\n
**********************************
/usr/local/lib/vmd/vmd_LINUXAMD64: /usr/lib64/nvidia/libGL.so.1: no version information available (required by /usr/local/lib/vmd/vmd_LINUXAMD64)
Done at pCBMAn1_18_ata_5.0M_310.5K_gamd_10ps/imd_1 
mkdir: cannot create directory `ana_md': File exists
mkdir: cannot create directory `e2e': File exists
**********************************
\n
please remove minimization dcd's
\n
**********************************
/usr/local/lib/vmd/vmd_LINUXAMD64: /usr/lib64/nvidia/libGL.so.1: no version information available (required by /usr/local/lib/vmd/vmd_LINUXAMD64)
Done at pCBMAn1_18_ata_5.0M_310.5K_gamd_10ps/imd_2 
mkdir: cannot create directory `ana_md': File exists
mkdir: cannot create directory `e2e': File exists
**********************************
\n
please remove minimization dcd's
\n
**********************************
/usr/local/lib/vmd/vmd_LINUXAMD64: /usr/lib64/nvidia/libGL.so.1: no version information available (required by /usr/local/lib/vmd/vmd_LINUXAMD64)
Done at pCBMAn1_18_ata_5.0M_310.5K_gamd_10ps/imd_3 
mkdir: cannot create directory `ana_md': File exists
mkdir: cannot create directory `e2e': File exists
**********************************
\n
please remove minimization dcd's
\n
**********************************
/usr/local/lib/vmd/vmd_LINUXAMD64: /usr/lib64/nvidia/libGL.so.1: no version information available (required by /usr/local/lib/vmd/vmd_LINUXAMD64)
Done at pCBMAn2_18_ata_0.0M_310.5K_gamd_10ps/imd_1 
mkdir: cannot create directory `ana_md': File exists
mkdir: cannot create directory `e2e': File exists
**********************************
\n
please remove minimization dcd's
\n
**********************************
/usr/local/lib/vmd/vmd_LINUXAMD64: /usr/lib64/nvidia/libGL.so.1: no version information available (required by /usr/local/lib/vmd/vmd_LINUXAMD64)
Done at pCBMAn2_18_ata_0.0M_310.5K_gamd_10ps/imd_2 
mkdir: cannot create directory `ana_md': File exists
mkdir: cannot create directory `e2e': File exists
**********************************
\n
please remove minimization dcd's
\n
**********************************
/usr/local/lib/vmd/vmd_LINUXAMD64: /usr/lib64/nvidia/libGL.so.1: no version information available (required by /usr/local/lib/vmd/vmd_LINUXAMD64)
Done at pCBMAn2_18_ata_0.0M_310.5K_gamd_10ps/imd_3 
mkdir: cannot create directory `ana_md': File exists
mkdir: cannot create directory `e2e': File exists
**********************************
\n
please remove minimization dcd's
\n
**********************************
/usr/local/lib/vmd/vmd_LINUXAMD64: /usr/lib64/nvidia/libGL.so.1: no version information available (required by /usr/local/lib/vmd/vmd_LINUXAMD64)
Done at pCBMAn2_18_ata_0.3M_310.5K_gamd_10ps/imd_1 
mkdir: cannot create directory `ana_md': File exists
mkdir: cannot create directory `e2e': File exists
**********************************
\n
please remove minimization dcd's
\n
**********************************
/usr/local/lib/vmd/vmd_LINUXAMD64: /usr/lib64/nvidia/libGL.so.1: no version information available (required by /usr/local/lib/vmd/vmd_LINUXAMD64)
Done at pCBMAn2_18_ata_0.3M_310.5K_gamd_10ps/imd_2 
mkdir: cannot create directory `ana_md': File exists
mkdir: cannot create directory `e2e': File exists
**********************************
\n
please remove minimization dcd's
\n
**********************************
/usr/local/lib/vmd/vmd_LINUXAMD64: /usr/lib64/nvidia/libGL.so.1: no version information available (required by /usr/local/lib/vmd/vmd_LINUXAMD64)
Done at pCBMAn2_18_ata_0.3M_310.5K_gamd_10ps/imd_3 
mkdir: cannot create directory `ana_md': File exists
mkdir: cannot create directory `e2e': File exists
**********************************
\n
please remove minimization dcd's
\n
**********************************
/usr/local/lib/vmd/vmd_LINUXAMD64: /usr/lib64/nvidia/libGL.so.1: no version information available (required by /usr/local/lib/vmd/vmd_LINUXAMD64)
Done at pCBMAn2_18_ata_1.0M_310.5K_gamd_10ps/imd_1 
mkdir: cannot create directory `ana_md': File exists
mkdir: cannot create directory `e2e': File exists
**********************************
\n
please remove minimization dcd's
\n
**********************************
/usr/local/lib/vmd/vmd_LINUXAMD64: /usr/lib64/nvidia/libGL.so.1: no version information available (required by /usr/local/lib/vmd/vmd_LINUXAMD64)
Done at pCBMAn2_18_ata_1.0M_310.5K_gamd_10ps/imd_2 
mkdir: cannot create directory `ana_md': File exists
mkdir: cannot create directory `e2e': File exists
**********************************
\n
please remove minimization dcd's
\n
**********************************
/usr/local/lib/vmd/vmd_LINUXAMD64: /usr/lib64/nvidia/libGL.so.1: no version information available (required by /usr/local/lib/vmd/vmd_LINUXAMD64)
Done at pCBMAn2_18_ata_1.0M_310.5K_gamd_10ps/imd_3 
mkdir: cannot create directory `ana_md': File exists
mkdir: cannot create directory `e2e': File exists
**********************************
\n
please remove minimization dcd's
\n
**********************************
/usr/local/lib/vmd/vmd_LINUXAMD64: /usr/lib64/nvidia/libGL.so.1: no version information available (required by /usr/local/lib/vmd/vmd_LINUXAMD64)
Done at pCBMAn2_18_ata_2.0M_310.5K_gamd_10ps/imd_1 
mkdir: cannot create directory `ana_md': File exists
mkdir: cannot create directory `e2e': File exists
**********************************
\n
please remove minimization dcd's
\n
**********************************
/usr/local/lib/vmd/vmd_LINUXAMD64: /usr/lib64/nvidia/libGL.so.1: no version information available (required by /usr/local/lib/vmd/vmd_LINUXAMD64)
Done at pCBMAn2_18_ata_2.0M_310.5K_gamd_10ps/imd_2 
mkdir: cannot create directory `ana_md': File exists
mkdir: cannot create directory `e2e': File exists
**********************************
\n
please remove minimization dcd's
\n
**********************************
/usr/local/lib/vmd/vmd_LINUXAMD64: /usr/lib64/nvidia/libGL.so.1: no version information available (required by /usr/local/lib/vmd/vmd_LINUXAMD64)
Done at pCBMAn2_18_ata_2.0M_310.5K_gamd_10ps/imd_3 
mkdir: cannot create directory `ana_md': File exists
mkdir: cannot create directory `e2e': File exists
**********************************
\n
please remove minimization dcd's
\n
**********************************
/usr/local/lib/vmd/vmd_LINUXAMD64: /usr/lib64/nvidia/libGL.so.1: no version information available (required by /usr/local/lib/vmd/vmd_LINUXAMD64)
Done at pCBMAn2_18_ata_3.0M_310.5K_gamd_10ps/imd_1 
mkdir: cannot create directory `ana_md': File exists
mkdir: cannot create directory `e2e': File exists
**********************************
\n
please remove minimization dcd's
\n
**********************************
/usr/local/lib/vmd/vmd_LINUXAMD64: /usr/lib64/nvidia/libGL.so.1: no version information available (required by /usr/local/lib/vmd/vmd_LINUXAMD64)
Done at pCBMAn2_18_ata_3.0M_310.5K_gamd_10ps/imd_2 
mkdir: cannot create directory `ana_md': File exists
mkdir: cannot create directory `e2e': File exists
**********************************
\n
please remove minimization dcd's
\n
**********************************
/usr/local/lib/vmd/vmd_LINUXAMD64: /usr/lib64/nvidia/libGL.so.1: no version information available (required by /usr/local/lib/vmd/vmd_LINUXAMD64)
Done at pCBMAn2_18_ata_3.0M_310.5K_gamd_10ps/imd_3 
mkdir: cannot create directory `ana_md': File exists
mkdir: cannot create directory `e2e': File exists
**********************************
\n
please remove minimization dcd's
\n
**********************************
/usr/local/lib/vmd/vmd_LINUXAMD64: /usr/lib64/nvidia/libGL.so.1: no version information available (required by /usr/local/lib/vmd/vmd_LINUXAMD64)
Done at pCBMAn2_18_ata_5.0M_310.5K_gamd_10ps/imd_1 
mkdir: cannot create directory `ana_md': File exists
mkdir: cannot create directory `e2e': File exists
**********************************
\n
please remove minimization dcd's
\n
**********************************
/usr/local/lib/vmd/vmd_LINUXAMD64: /usr/lib64/nvidia/libGL.so.1: no version information available (required by /usr/local/lib/vmd/vmd_LINUXAMD64)
Done at pCBMAn2_18_ata_5.0M_310.5K_gamd_10ps/imd_2 
mkdir: cannot create directory `ana_md': File exists
mkdir: cannot create directory `e2e': File exists
**********************************
\n
please remove minimization dcd's
\n
**********************************
/usr/local/lib/vmd/vmd_LINUXAMD64: /usr/lib64/nvidia/libGL.so.1: no version information available (required by /usr/local/lib/vmd/vmd_LINUXAMD64)
Done at pCBMAn2_18_ata_5.0M_310.5K_gamd_10ps/imd_3 
mkdir: cannot create directory `ana_md': File exists
mkdir: cannot create directory `e2e': File exists
**********************************
\n
please remove minimization dcd's
\n
**********************************
/usr/local/lib/vmd/vmd_LINUXAMD64: /usr/lib64/nvidia/libGL.so.1: no version information available (required by /usr/local/lib/vmd/vmd_LINUXAMD64)
Done at pCBMAn3_18_ata_0.0M_310.5K_gamd_10ps/imd_1 
mkdir: cannot create directory `ana_md': File exists
mkdir: cannot create directory `e2e': File exists
**********************************
\n
please remove minimization dcd's
\n
**********************************
/usr/local/lib/vmd/vmd_LINUXAMD64: /usr/lib64/nvidia/libGL.so.1: no version information available (required by /usr/local/lib/vmd/vmd_LINUXAMD64)
Done at pCBMAn3_18_ata_0.0M_310.5K_gamd_10ps/imd_2 
mkdir: cannot create directory `ana_md': File exists
mkdir: cannot create directory `e2e': File exists
**********************************
\n
please remove minimization dcd's
\n
**********************************
/usr/local/lib/vmd/vmd_LINUXAMD64: /usr/lib64/nvidia/libGL.so.1: no version information available (required by /usr/local/lib/vmd/vmd_LINUXAMD64)
Done at pCBMAn3_18_ata_0.0M_310.5K_gamd_10ps/imd_3 
mkdir: cannot create directory `ana_md': File exists
mkdir: cannot create directory `e2e': File exists
**********************************
\n
please remove minimization dcd's
\n
**********************************
/usr/local/lib/vmd/vmd_LINUXAMD64: /usr/lib64/nvidia/libGL.so.1: no version information available (required by /usr/local/lib/vmd/vmd_LINUXAMD64)
Done at pCBMAn3_18_ata_0.3M_310.5K_gamd_10ps/imd_1 
mkdir: cannot create directory `ana_md': File exists
mkdir: cannot create directory `e2e': File exists
**********************************
\n
please remove minimization dcd's
\n
**********************************
/usr/local/lib/vmd/vmd_LINUXAMD64: /usr/lib64/nvidia/libGL.so.1: no version information available (required by /usr/local/lib/vmd/vmd_LINUXAMD64)
Done at pCBMAn3_18_ata_0.3M_310.5K_gamd_10ps/imd_2 
mkdir: cannot create directory `ana_md': File exists
mkdir: cannot create directory `e2e': File exists
**********************************
\n
please remove minimization dcd's
\n
**********************************
/usr/local/lib/vmd/vmd_LINUXAMD64: /usr/lib64/nvidia/libGL.so.1: no version information available (required by /usr/local/lib/vmd/vmd_LINUXAMD64)
Done at pCBMAn3_18_ata_0.3M_310.5K_gamd_10ps/imd_3 
mkdir: cannot create directory `ana_md': File exists
mkdir: cannot create directory `e2e': File exists
**********************************
\n
please remove minimization dcd's
\n
**********************************
/usr/local/lib/vmd/vmd_LINUXAMD64: /usr/lib64/nvidia/libGL.so.1: no version information available (required by /usr/local/lib/vmd/vmd_LINUXAMD64)
Done at pCBMAn3_18_ata_1.0M_310.5K_gamd_10ps/imd_1 
mkdir: cannot create directory `ana_md': File exists
mkdir: cannot create directory `e2e': File exists
**********************************
\n
please remove minimization dcd's
\n
**********************************
/usr/local/lib/vmd/vmd_LINUXAMD64: /usr/lib64/nvidia/libGL.so.1: no version information available (required by /usr/local/lib/vmd/vmd_LINUXAMD64)
Done at pCBMAn3_18_ata_1.0M_310.5K_gamd_10ps/imd_2 
mkdir: cannot create directory `ana_md': File exists
mkdir: cannot create directory `e2e': File exists
**********************************
\n
please remove minimization dcd's
\n
**********************************
/usr/local/lib/vmd/vmd_LINUXAMD64: /usr/lib64/nvidia/libGL.so.1: no version information available (required by /usr/local/lib/vmd/vmd_LINUXAMD64)
Done at pCBMAn3_18_ata_1.0M_310.5K_gamd_10ps/imd_3 
mkdir: cannot create directory `ana_md': File exists
mkdir: cannot create directory `e2e': File exists
**********************************
\n
please remove minimization dcd's
\n
**********************************
/usr/local/lib/vmd/vmd_LINUXAMD64: /usr/lib64/nvidia/libGL.so.1: no version information available (required by /usr/local/lib/vmd/vmd_LINUXAMD64)
Done at pCBMAn3_18_ata_2.0M_310.5K_gamd_10ps/imd_1 
mkdir: cannot create directory `ana_md': File exists
mkdir: cannot create directory `e2e': File exists
**********************************
\n
please remove minimization dcd's
\n
**********************************
/usr/local/lib/vmd/vmd_LINUXAMD64: /usr/lib64/nvidia/libGL.so.1: no version information available (required by /usr/local/lib/vmd/vmd_LINUXAMD64)
Done at pCBMAn3_18_ata_2.0M_310.5K_gamd_10ps/imd_2 
mkdir: cannot create directory `ana_md': File exists
mkdir: cannot create directory `e2e': File exists
**********************************
\n
please remove minimization dcd's
\n
**********************************
/usr/local/lib/vmd/vmd_LINUXAMD64: /usr/lib64/nvidia/libGL.so.1: no version information available (required by /usr/local/lib/vmd/vmd_LINUXAMD64)
Done at pCBMAn3_18_ata_2.0M_310.5K_gamd_10ps/imd_3 
mkdir: cannot create directory `ana_md': File exists
mkdir: cannot create directory `e2e': File exists
**********************************
\n
please remove minimization dcd's
\n
**********************************
/usr/local/lib/vmd/vmd_LINUXAMD64: /usr/lib64/nvidia/libGL.so.1: no version information available (required by /usr/local/lib/vmd/vmd_LINUXAMD64)
Done at pCBMAn3_18_ata_3.0M_310.5K_gamd_10ps/imd_1 
mkdir: cannot create directory `ana_md': File exists
mkdir: cannot create directory `e2e': File exists
**********************************
\n
please remove minimization dcd's
\n
**********************************
/usr/local/lib/vmd/vmd_LINUXAMD64: /usr/lib64/nvidia/libGL.so.1: no version information available (required by /usr/local/lib/vmd/vmd_LINUXAMD64)
Done at pCBMAn3_18_ata_3.0M_310.5K_gamd_10ps/imd_2 
mkdir: cannot create directory `ana_md': File exists
mkdir: cannot create directory `e2e': File exists
**********************************
\n
please remove minimization dcd's
\n
**********************************
/usr/local/lib/vmd/vmd_LINUXAMD64: /usr/lib64/nvidia/libGL.so.1: no version information available (required by /usr/local/lib/vmd/vmd_LINUXAMD64)
Done at pCBMAn3_18_ata_3.0M_310.5K_gamd_10ps/imd_3 
mkdir: cannot create directory `ana_md': File exists
mkdir: cannot create directory `e2e': File exists
**********************************
\n
please remove minimization dcd's
\n
**********************************
/usr/local/lib/vmd/vmd_LINUXAMD64: /usr/lib64/nvidia/libGL.so.1: no version information available (required by /usr/local/lib/vmd/vmd_LINUXAMD64)
Done at pCBMAn3_18_ata_5.0M_310.5K_gamd_10ps/imd_1 
mkdir: cannot create directory `ana_md': File exists
mkdir: cannot create directory `e2e': File exists
**********************************
\n
please remove minimization dcd's
\n
**********************************
/usr/local/lib/vmd/vmd_LINUXAMD64: /usr/lib64/nvidia/libGL.so.1: no version information available (required by /usr/local/lib/vmd/vmd_LINUXAMD64)
Done at pCBMAn3_18_ata_5.0M_310.5K_gamd_10ps/imd_2 
mkdir: cannot create directory `ana_md': File exists
mkdir: cannot create directory `e2e': File exists
**********************************
\n
please remove minimization dcd's
\n
**********************************
/usr/local/lib/vmd/vmd_LINUXAMD64: /usr/lib64/nvidia/libGL.so.1: no version information available (required by /usr/local/lib/vmd/vmd_LINUXAMD64)
Done at pCBMAn3_18_ata_5.0M_310.5K_gamd_10ps/imd_3 
mkdir: cannot create directory `ana_md': File exists
mkdir: cannot create directory `e2e': File exists
**********************************
\n
please remove minimization dcd's
\n
**********************************
/usr/local/lib/vmd/vmd_LINUXAMD64: /usr/lib64/nvidia/libGL.so.1: no version information available (required by /usr/local/lib/vmd/vmd_LINUXAMD64)
Done at pCBMAn4_18_ata_0.0M_310.5K_gamd_10ps/imd_1 
mkdir: cannot create directory `ana_md': File exists
mkdir: cannot create directory `e2e': File exists
**********************************
\n
please remove minimization dcd's
\n
**********************************
/usr/local/lib/vmd/vmd_LINUXAMD64: /usr/lib64/nvidia/libGL.so.1: no version information available (required by /usr/local/lib/vmd/vmd_LINUXAMD64)
Done at pCBMAn4_18_ata_0.0M_310.5K_gamd_10ps/imd_2 
mkdir: cannot create directory `ana_md': File exists
mkdir: cannot create directory `e2e': File exists
**********************************
\n
please remove minimization dcd's
\n
**********************************
/usr/local/lib/vmd/vmd_LINUXAMD64: /usr/lib64/nvidia/libGL.so.1: no version information available (required by /usr/local/lib/vmd/vmd_LINUXAMD64)
Done at pCBMAn4_18_ata_0.0M_310.5K_gamd_10ps/imd_3 
mkdir: cannot create directory `ana_md': File exists
mkdir: cannot create directory `e2e': File exists
**********************************
\n
please remove minimization dcd's
\n
**********************************
/usr/local/lib/vmd/vmd_LINUXAMD64: /usr/lib64/nvidia/libGL.so.1: no version information available (required by /usr/local/lib/vmd/vmd_LINUXAMD64)
Done at pCBMAn4_18_ata_0.3M_310.5K_gamd_10ps/imd_1 
mkdir: cannot create directory `ana_md': File exists
mkdir: cannot create directory `e2e': File exists
**********************************
\n
please remove minimization dcd's
\n
**********************************
/usr/local/lib/vmd/vmd_LINUXAMD64: /usr/lib64/nvidia/libGL.so.1: no version information available (required by /usr/local/lib/vmd/vmd_LINUXAMD64)
Done at pCBMAn4_18_ata_0.3M_310.5K_gamd_10ps/imd_2 
mkdir: cannot create directory `ana_md': File exists
mkdir: cannot create directory `e2e': File exists
**********************************
\n
please remove minimization dcd's
\n
**********************************
/usr/local/lib/vmd/vmd_LINUXAMD64: /usr/lib64/nvidia/libGL.so.1: no version information available (required by /usr/local/lib/vmd/vmd_LINUXAMD64)
Done at pCBMAn4_18_ata_0.3M_310.5K_gamd_10ps/imd_3 
mkdir: cannot create directory `ana_md': File exists
mkdir: cannot create directory `e2e': File exists
**********************************
\n
please remove minimization dcd's
\n
**********************************
/usr/local/lib/vmd/vmd_LINUXAMD64: /usr/lib64/nvidia/libGL.so.1: no version information available (required by /usr/local/lib/vmd/vmd_LINUXAMD64)
Done at pCBMAn4_18_ata_1.0M_310.5K_gamd_10ps/imd_1 
mkdir: cannot create directory `ana_md': File exists
mkdir: cannot create directory `e2e': File exists
**********************************
\n
please remove minimization dcd's
\n
**********************************
/usr/local/lib/vmd/vmd_LINUXAMD64: /usr/lib64/nvidia/libGL.so.1: no version information available (required by /usr/local/lib/vmd/vmd_LINUXAMD64)
Done at pCBMAn4_18_ata_1.0M_310.5K_gamd_10ps/imd_2 
mkdir: cannot create directory `ana_md': File exists
mkdir: cannot create directory `e2e': File exists
**********************************
\n
please remove minimization dcd's
\n
**********************************
/usr/local/lib/vmd/vmd_LINUXAMD64: /usr/lib64/nvidia/libGL.so.1: no version information available (required by /usr/local/lib/vmd/vmd_LINUXAMD64)
Done at pCBMAn4_18_ata_1.0M_310.5K_gamd_10ps/imd_3 
mkdir: cannot create directory `ana_md': File exists
mkdir: cannot create directory `e2e': File exists
**********************************
\n
please remove minimization dcd's
\n
**********************************
/usr/local/lib/vmd/vmd_LINUXAMD64: /usr/lib64/nvidia/libGL.so.1: no version information available (required by /usr/local/lib/vmd/vmd_LINUXAMD64)
Done at pCBMAn4_18_ata_2.0M_310.5K_gamd_10ps/imd_1 
mkdir: cannot create directory `ana_md': File exists
mkdir: cannot create directory `e2e': File exists
**********************************
\n
please remove minimization dcd's
\n
**********************************
/usr/local/lib/vmd/vmd_LINUXAMD64: /usr/lib64/nvidia/libGL.so.1: no version information available (required by /usr/local/lib/vmd/vmd_LINUXAMD64)
Done at pCBMAn4_18_ata_2.0M_310.5K_gamd_10ps/imd_2 
mkdir: cannot create directory `ana_md': File exists
mkdir: cannot create directory `e2e': File exists
**********************************
\n
please remove minimization dcd's
\n
**********************************
/usr/local/lib/vmd/vmd_LINUXAMD64: /usr/lib64/nvidia/libGL.so.1: no version information available (required by /usr/local/lib/vmd/vmd_LINUXAMD64)
Done at pCBMAn4_18_ata_2.0M_310.5K_gamd_10ps/imd_3 
mkdir: cannot create directory `ana_md': File exists
mkdir: cannot create directory `e2e': File exists
**********************************
\n
please remove minimization dcd's
\n
**********************************
/usr/local/lib/vmd/vmd_LINUXAMD64: /usr/lib64/nvidia/libGL.so.1: no version information available (required by /usr/local/lib/vmd/vmd_LINUXAMD64)
Done at pCBMAn4_18_ata_3.0M_310.5K_gamd_10ps/imd_1 
mkdir: cannot create directory `ana_md': File exists
mkdir: cannot create directory `e2e': File exists
**********************************
\n
please remove minimization dcd's
\n
**********************************
/usr/local/lib/vmd/vmd_LINUXAMD64: /usr/lib64/nvidia/libGL.so.1: no version information available (required by /usr/local/lib/vmd/vmd_LINUXAMD64)
Done at pCBMAn4_18_ata_3.0M_310.5K_gamd_10ps/imd_2 
mkdir: cannot create directory `ana_md': File exists
mkdir: cannot create directory `e2e': File exists
**********************************
\n
please remove minimization dcd's
\n
**********************************
/usr/local/lib/vmd/vmd_LINUXAMD64: /usr/lib64/nvidia/libGL.so.1: no version information available (required by /usr/local/lib/vmd/vmd_LINUXAMD64)
Done at pCBMAn4_18_ata_3.0M_310.5K_gamd_10ps/imd_3 
mkdir: cannot create directory `ana_md': File exists
mkdir: cannot create directory `e2e': File exists
**********************************
\n
please remove minimization dcd's
\n
**********************************
/usr/local/lib/vmd/vmd_LINUXAMD64: /usr/lib64/nvidia/libGL.so.1: no version information available (required by /usr/local/lib/vmd/vmd_LINUXAMD64)
Done at pCBMAn4_18_ata_5.0M_310.5K_gamd_10ps/imd_1 
mkdir: cannot create directory `ana_md': File exists
mkdir: cannot create directory `e2e': File exists
**********************************
\n
please remove minimization dcd's
\n
**********************************
/usr/local/lib/vmd/vmd_LINUXAMD64: /usr/lib64/nvidia/libGL.so.1: no version information available (required by /usr/local/lib/vmd/vmd_LINUXAMD64)
Done at pCBMAn4_18_ata_5.0M_310.5K_gamd_10ps/imd_2 
mkdir: cannot create directory `ana_md': File exists
mkdir: cannot create directory `e2e': File exists
**********************************
\n
please remove minimization dcd's
\n
**********************************
/usr/local/lib/vmd/vmd_LINUXAMD64: /usr/lib64/nvidia/libGL.so.1: no version information available (required by /usr/local/lib/vmd/vmd_LINUXAMD64)
Done at pCBMAn4_18_ata_5.0M_310.5K_gamd_10ps/imd_3 
mkdir: cannot create directory `ana_md': File exists
mkdir: cannot create directory `e2e': File exists
**********************************
\n
please remove minimization dcd's
\n
**********************************
/usr/local/lib/vmd/vmd_LINUXAMD64: /usr/lib64/nvidia/libGL.so.1: no version information available (required by /usr/local/lib/vmd/vmd_LINUXAMD64)
Done at pCBMAn5_18_ata_0.0M_310.5K_gamd_10ps/imd_1 
mkdir: cannot create directory `ana_md': File exists
mkdir: cannot create directory `e2e': File exists
**********************************
\n
please remove minimization dcd's
\n
**********************************
/usr/local/lib/vmd/vmd_LINUXAMD64: /usr/lib64/nvidia/libGL.so.1: no version information available (required by /usr/local/lib/vmd/vmd_LINUXAMD64)
Done at pCBMAn5_18_ata_0.0M_310.5K_gamd_10ps/imd_2 
mkdir: cannot create directory `ana_md': File exists
mkdir: cannot create directory `e2e': File exists
**********************************
\n
please remove minimization dcd's
\n
**********************************
/usr/local/lib/vmd/vmd_LINUXAMD64: /usr/lib64/nvidia/libGL.so.1: no version information available (required by /usr/local/lib/vmd/vmd_LINUXAMD64)
Done at pCBMAn5_18_ata_0.0M_310.5K_gamd_10ps/imd_3 
mkdir: cannot create directory `ana_md': File exists
mkdir: cannot create directory `e2e': File exists
**********************************
\n
please remove minimization dcd's
\n
**********************************
/usr/local/lib/vmd/vmd_LINUXAMD64: /usr/lib64/nvidia/libGL.so.1: no version information available (required by /usr/local/lib/vmd/vmd_LINUXAMD64)
Done at pCBMAn5_18_ata_0.3M_310.5K_gamd_10ps/imd_1 
mkdir: cannot create directory `ana_md': File exists
mkdir: cannot create directory `e2e': File exists
**********************************
\n
please remove minimization dcd's
\n
**********************************
/usr/local/lib/vmd/vmd_LINUXAMD64: /usr/lib64/nvidia/libGL.so.1: no version information available (required by /usr/local/lib/vmd/vmd_LINUXAMD64)
Done at pCBMAn5_18_ata_0.3M_310.5K_gamd_10ps/imd_2 
mkdir: cannot create directory `ana_md': File exists
mkdir: cannot create directory `e2e': File exists
**********************************
\n
please remove minimization dcd's
\n
**********************************
/usr/local/lib/vmd/vmd_LINUXAMD64: /usr/lib64/nvidia/libGL.so.1: no version information available (required by /usr/local/lib/vmd/vmd_LINUXAMD64)
Done at pCBMAn5_18_ata_0.3M_310.5K_gamd_10ps/imd_3 
mkdir: cannot create directory `ana_md': File exists
mkdir: cannot create directory `e2e': File exists
**********************************
\n
please remove minimization dcd's
\n
**********************************
/usr/local/lib/vmd/vmd_LINUXAMD64: /usr/lib64/nvidia/libGL.so.1: no version information available (required by /usr/local/lib/vmd/vmd_LINUXAMD64)
Done at pCBMAn5_18_ata_1.0M_310.5K_gamd_10ps/imd_1 
mkdir: cannot create directory `ana_md': File exists
mkdir: cannot create directory `e2e': File exists
**********************************
\n
please remove minimization dcd's
\n
**********************************
/usr/local/lib/vmd/vmd_LINUXAMD64: /usr/lib64/nvidia/libGL.so.1: no version information available (required by /usr/local/lib/vmd/vmd_LINUXAMD64)
Done at pCBMAn5_18_ata_1.0M_310.5K_gamd_10ps/imd_2 
mkdir: cannot create directory `ana_md': File exists
mkdir: cannot create directory `e2e': File exists
**********************************
\n
please remove minimization dcd's
\n
**********************************
/usr/local/lib/vmd/vmd_LINUXAMD64: /usr/lib64/nvidia/libGL.so.1: no version information available (required by /usr/local/lib/vmd/vmd_LINUXAMD64)
Done at pCBMAn5_18_ata_1.0M_310.5K_gamd_10ps/imd_3 
mkdir: cannot create directory `ana_md': File exists
mkdir: cannot create directory `e2e': File exists
**********************************
\n
please remove minimization dcd's
\n
**********************************
/usr/local/lib/vmd/vmd_LINUXAMD64: /usr/lib64/nvidia/libGL.so.1: no version information available (required by /usr/local/lib/vmd/vmd_LINUXAMD64)
Done at pCBMAn5_18_ata_2.0M_310.5K_gamd_10ps/imd_1 
mkdir: cannot create directory `ana_md': File exists
mkdir: cannot create directory `e2e': File exists
**********************************
\n
please remove minimization dcd's
\n
**********************************
/usr/local/lib/vmd/vmd_LINUXAMD64: /usr/lib64/nvidia/libGL.so.1: no version information available (required by /usr/local/lib/vmd/vmd_LINUXAMD64)
Done at pCBMAn5_18_ata_2.0M_310.5K_gamd_10ps/imd_2 
mkdir: cannot create directory `ana_md': File exists
mkdir: cannot create directory `e2e': File exists
**********************************
\n
please remove minimization dcd's
\n
**********************************
/usr/local/lib/vmd/vmd_LINUXAMD64: /usr/lib64/nvidia/libGL.so.1: no version information available (required by /usr/local/lib/vmd/vmd_LINUXAMD64)
Done at pCBMAn5_18_ata_2.0M_310.5K_gamd_10ps/imd_3 
mkdir: cannot create directory `ana_md': File exists
mkdir: cannot create directory `e2e': File exists
**********************************
\n
please remove minimization dcd's
\n
**********************************
/usr/local/lib/vmd/vmd_LINUXAMD64: /usr/lib64/nvidia/libGL.so.1: no version information available (required by /usr/local/lib/vmd/vmd_LINUXAMD64)
Done at pCBMAn5_18_ata_3.0M_310.5K_gamd_10ps/imd_1 
mkdir: cannot create directory `ana_md': File exists
mkdir: cannot create directory `e2e': File exists
**********************************
\n
please remove minimization dcd's
\n
**********************************
/usr/local/lib/vmd/vmd_LINUXAMD64: /usr/lib64/nvidia/libGL.so.1: no version information available (required by /usr/local/lib/vmd/vmd_LINUXAMD64)
Done at pCBMAn5_18_ata_3.0M_310.5K_gamd_10ps/imd_2 
mkdir: cannot create directory `ana_md': File exists
mkdir: cannot create directory `e2e': File exists
**********************************
\n
please remove minimization dcd's
\n
**********************************
/usr/local/lib/vmd/vmd_LINUXAMD64: /usr/lib64/nvidia/libGL.so.1: no version information available (required by /usr/local/lib/vmd/vmd_LINUXAMD64)
Done at pCBMAn5_18_ata_3.0M_310.5K_gamd_10ps/imd_3 
mkdir: cannot create directory `ana_md': File exists
mkdir: cannot create directory `e2e': File exists
**********************************
\n
please remove minimization dcd's
\n
**********************************
/usr/local/lib/vmd/vmd_LINUXAMD64: /usr/lib64/nvidia/libGL.so.1: no version information available (required by /usr/local/lib/vmd/vmd_LINUXAMD64)
Done at pCBMAn5_18_ata_5.0M_310.5K_gamd_10ps/imd_1 
mkdir: cannot create directory `ana_md': File exists
mkdir: cannot create directory `e2e': File exists
**********************************
\n
please remove minimization dcd's
\n
**********************************
/usr/local/lib/vmd/vmd_LINUXAMD64: /usr/lib64/nvidia/libGL.so.1: no version information available (required by /usr/local/lib/vmd/vmd_LINUXAMD64)
Done at pCBMAn5_18_ata_5.0M_310.5K_gamd_10ps/imd_2 
mkdir: cannot create directory `ana_md': File exists
mkdir: cannot create directory `e2e': File exists
**********************************
\n
please remove minimization dcd's
\n
**********************************
/usr/local/lib/vmd/vmd_LINUXAMD64: /usr/lib64/nvidia/libGL.so.1: no version information available (required by /usr/local/lib/vmd/vmd_LINUXAMD64)
Done at pCBMAn5_18_ata_5.0M_310.5K_gamd_10ps/imd_3 
done analysing e2e
